[1.476s] Invoking command in '/home/jetson/ros2_ws/build/ai_package': PYTHONPATH=/home/jetson/ros2_ws/build/ai_package/prefix_override:/usr/lib/python3/dist-packages/colcon_core/task/python/colcon_distutils_commands:/home/jetson/ros2_ws/install/ai_package/lib/python3.10/site-packages:${PYTHONPATH} /usr/bin/python3 -W ignore:setup.py install is deprecated -W ignore:easy_install command is deprecated setup.py develop --editable --build-directory /home/jetson/ros2_ws/build/ai_package/build --no-deps symlink_data
[2.008s] running develop
[2.411s] running egg_info
[2.411s] creating ai_package.egg-info
[2.411s] writing ai_package.egg-info/PKG-INFO
[2.412s] writing dependency_links to ai_package.egg-info/dependency_links.txt
[2.412s] writing entry points to ai_package.egg-info/entry_points.txt
[2.412s] writing requirements to ai_package.egg-info/requires.txt
[2.412s] writing top-level names to ai_package.egg-info/top_level.txt
[2.413s] writing manifest file 'ai_package.egg-info/SOURCES.txt'
[2.417s] reading manifest file 'ai_package.egg-info/SOURCES.txt'
[2.419s] writing manifest file 'ai_package.egg-info/SOURCES.txt'
[2.421s] running build_ext
[2.422s] Creating /home/jetson/ros2_ws/install/ai_package/lib/python3.10/site-packages/ai-package.egg-link (link to .)
[2.424s] Installing camera_publisher script to /home/jetson/ros2_ws/install/ai_package/lib/ai_package
[2.424s] Installing field_object_detector script to /home/jetson/ros2_ws/install/ai_package/lib/ai_package
[2.424s] Installing landing_takeoff_node script to /home/jetson/ros2_ws/install/ai_package/lib/ai_package
[2.424s] Installing road_field_detector script to /home/jetson/ros2_ws/install/ai_package/lib/ai_package
[2.425s] Installing sift_detector script to /home/jetson/ros2_ws/install/ai_package/lib/ai_package
[2.425s] Installing stitcher script to /home/jetson/ros2_ws/install/ai_package/lib/ai_package
[2.425s] 
[2.425s] Installed /home/jetson/ros2_ws/build/ai_package
[2.425s] running symlink_data
[2.425s] symbolically linking /home/jetson/ros2_ws/build/ai_package/package.xml -> /home/jetson/ros2_ws/install/ai_package/share/ai_package
[2.426s] creating /home/jetson/ros2_ws/install/ai_package/share/ai_package/launch
[2.426s] symbolically linking /home/jetson/ros2_ws/build/ai_package/launch/camera2_launch.py -> /home/jetson/ros2_ws/install/ai_package/share/ai_package/launch
[2.426s] symbolically linking /home/jetson/ros2_ws/build/ai_package/launch/camera0_launch.py -> /home/jetson/ros2_ws/install/ai_package/share/ai_package/launch
[2.426s] symbolically linking /home/jetson/ros2_ws/build/ai_package/launch/camera_landing_launch.py -> /home/jetson/ros2_ws/install/ai_package/share/ai_package/launch
[2.426s] symbolically linking /home/jetson/ros2_ws/build/ai_package/launch/camera1_launch.py -> /home/jetson/ros2_ws/install/ai_package/share/ai_package/launch
[2.426s] creating /home/jetson/ros2_ws/install/ai_package/share/ai_package/config
[2.427s] creating /home/jetson/ros2_ws/install/ai_package/share/ai_package/resource
[2.427s] symbolically linking /home/jetson/ros2_ws/build/ai_package/resource/ai_package -> /home/jetson/ros2_ws/install/ai_package/share/ai_package/resource
[2.427s] creating /home/jetson/ros2_ws/install/ai_package/share/ai_package/maps
[2.427s] creating /home/jetson/ros2_ws/install/ai_package/share/ai_package/models
[2.427s] symbolically linking /home/jetson/ros2_ws/build/ai_package/models/yolov10s.pt -> /home/jetson/ros2_ws/install/ai_package/share/ai_package/models
[2.427s] symbolically linking /home/jetson/ros2_ws/build/ai_package/models/yolo_s_v11_dropout_05_best.pt -> /home/jetson/ros2_ws/install/ai_package/share/ai_package/models
[2.509s] Invoked command in '/home/jetson/ros2_ws/build/ai_package' returned '0': PYTHONPATH=/home/jetson/ros2_ws/build/ai_package/prefix_override:/usr/lib/python3/dist-packages/colcon_core/task/python/colcon_distutils_commands:/home/jetson/ros2_ws/install/ai_package/lib/python3.10/site-packages:${PYTHONPATH} /usr/bin/python3 -W ignore:setup.py install is deprecated -W ignore:easy_install command is deprecated setup.py develop --editable --build-directory /home/jetson/ros2_ws/build/ai_package/build --no-deps symlink_data
